	Exporter version: 4.6.1, Blender version: 2.78 (sub 0)
========= Conversion from Blender to Babylon.js =========
	Scene settings used:
		selected layers only:  false
		flat shading entire scene:  false
		inline textures:  false
		texture directory:  C:\Users\Rok\Desktop\Faks\3. letnik\1. Semester\RGTI\rgtiSem1\assets\car\
	Python World class constructor completed
	WARNING: No active camera has been assigned, or is not in a currently selected Blender layer
	processing begun of mesh:  Car
		processing begun of Standard material:  Материал
		processing begun of Standard material:  Материал.001
		processing begun of Standard material:  Материал.003
		processing begun of Standard material:  Материал.006
		processing begun of Standard material:  Материал.013
		processing begun of Standard material:  Материал.002
		processing begun of Standard material:  Материал.004
		processing begun of Standard material:  Материал.005
		processing begun of Standard material:  Материал.009
		processing begun of Standard material:  Материал.010
		processing begun of Standard material:  Материал.012
		processing begun of Standard material:  Материал.014
		processing begun of multimaterial:  car.Multimaterial#0
		num positions      :  4468
		num normals        :  4468
		num uvs            :  0
		num uvs2           :  0
		num colors         :  0
		num indices        :  16335
========= Writing of scene file started =========
========= Writing of scene file completed =========
========= end of processing =========
elapsed time:  0 min, 0.1336 secs
