	Exporter version: 4.6.1, Blender version: 2.78 (sub 0)
========= Conversion from Blender to Babylon.js =========
	Scene settings used:
		selected layers only:  false
		flat shading entire scene:  false
		inline textures:  false
		texture directory:  C:\Users\Rok\Desktop\Faks\3. letnik\1. Semester\RGTI\rgtiSem1\assets\balcony\
	Python World class constructor completed
	processing begun of mesh:  Plane
		processing begun of Standard material:  Material.001
		num positions      :  32
		num normals        :  32
		num uvs            :  0
		num uvs2           :  0
		num colors         :  0
		num indices        :  162
		WARNING: # of 0 area faces found:  8
	processing begun of camera (FreeCamera):  Camera
	processing begun of light (SUN):  Sun.002
	processing begun of light (SUN):  Sun.001
	processing begun of light (SUN):  Sun
========= Writing of scene file started =========
========= Writing of scene file completed =========
========= end of processing =========
elapsed time:  0 min, 0.015 secs
