	Exporter version: 4.6.1, Blender version: 2.78 (sub 0)
========= Conversion from Blender to Babylon.js =========
	Scene settings used:
		selected layers only:  false
		flat shading entire scene:  false
		inline textures:  false
		texture directory:  C:\Users\Rok\Desktop\Faks\3. letnik\1. Semester\RGTI\game\rgtiSem1\assets\bee\
	Python World class constructor completed
	processing begun of mesh:  Sphere
		processing begun of Standard material:  Material.001
		processing begun of Standard material:  Material.003
			Diffuse texture found "Texture.002"
				Image texture found, type:  diffuseTexture, mapped using: "UVMap"
		processing begun of multimaterial:  bee.Multimaterial#0
		num positions      :  1250
		num normals        :  1250
		num uvs            :  2500
		num uvs2           :  0
		num colors         :  0
		num indices        :  2880
	processing begun of mesh:  WingR
		processing begun of Standard material:  Wing
		num positions      :  32
		num normals        :  32
		num uvs            :  0
		num uvs2           :  0
		num colors         :  0
		num indices        :  90
	WARNING: The following camera not visible in scene thus ignored: Camera
	processing begun of mesh:  WingL
		processing begun of Standard material:  Wing.001
		num positions      :  32
		num normals        :  32
		num uvs            :  0
		num uvs2           :  0
		num colors         :  0
		num indices        :  90
	WARNING: The following lamp not visible in scene thus ignored: Lamp
========= Writing of scene file started =========
========= Writing of scene file completed =========
========= end of processing =========
elapsed time:  0 min, 0.1231 secs
