	Exporter version: 4.6.1, Blender version: 2.78 (sub 0)
========= Conversion from Blender to Babylon.js =========
	Scene settings used:
		selected layers only:  false
		flat shading entire scene:  false
		inline textures:  false
		texture directory:  D:\Moji dokumenti\Desktop\fax\3. letnik\rgti\rgtiSem1\assets\bee\
	Python World class constructor completed
	processing begun of mesh:  Cube
		processing begun of Standard material:  Material
			Diffuse texture found "Tex"
				Image texture found, type:  diffuseTexture, mapped using: "UVMap"
		num positions      :  482
		num normals        :  482
		num uvs            :  964
		num uvs2           :  0
		num colors         :  0
		num indices        :  2880
	WARNING: The following camera not visible in scene thus ignored: Camera
	WARNING: The following lamp not visible in scene thus ignored: Lamp
========= Writing of scene file started =========
========= Writing of scene file completed =========
========= end of processing =========
elapsed time:  0 min, 0.0395 secs
