	Exporter version: 4.6.1, Blender version: 2.78 (sub 0)
========= Conversion from Blender to Babylon.js =========
	Scene settings used:
		selected layers only:  false
		flat shading entire scene:  false
		inline textures:  false
		texture directory:  C:\Users\Rok\Desktop\Faks\3. letnik\1. Semester\RGTI\rgtiSem1\assets\
	Python World class constructor completed
	processing begun of mesh:  Sphere
		WARNING: No materials have been assigned: 
		num positions      :  482
		num normals        :  482
		num uvs            :  0
		num uvs2           :  0
		num colors         :  0
		num indices        :  2880
	processing begun of mesh:  Cone
		processing begun of Standard material:  Material.002
			WARNING: Mesh has no UV maps, material:  "Texture.001" ignored
		num positions      :  33
		num normals        :  33
		num uvs            :  0
		num uvs2           :  0
		num colors         :  0
		num indices        :  186
	processing begun of mesh:  Cube
		processing begun of Standard material:  Material.001
			Diffuse texture found "Texture"
				Image texture found, type:  diffuseTexture, mapped using: "UVMap"
		num positions      :  964
		num normals        :  964
		num uvs            :  1928
		num uvs2           :  0
		num colors         :  0
		num indices        :  5760
	WARNING: The following camera not visible in scene thus ignored: Camera
	processing begun of mesh:  Sphere.001
		WARNING: No materials have been assigned: 
		num positions      :  482
		num normals        :  482
		num uvs            :  0
		num uvs2           :  0
		num colors         :  0
		num indices        :  2880
	processing begun of mesh:  Sphere.002
		processing begun of Standard material:  Material.003
		num positions      :  482
		num normals        :  482
		num uvs            :  0
		num uvs2           :  0
		num colors         :  0
		num indices        :  2880
	processing begun of mesh:  Sphere.003
		WARNING: No materials have been assigned: 
		num positions      :  482
		num normals        :  482
		num uvs            :  0
		num uvs2           :  0
		num colors         :  0
		num indices        :  2880
	processing begun of mesh:  Sphere.004
		WARNING: No materials have been assigned: 
		num positions      :  482
		num normals        :  482
		num uvs            :  0
		num uvs2           :  0
		num colors         :  0
		num indices        :  2880
	processing begun of mesh:  Sphere.005
		WARNING: No materials have been assigned: 
		num positions      :  482
		num normals        :  482
		num uvs            :  0
		num uvs2           :  0
		num colors         :  0
		num indices        :  2880
	processing begun of mesh:  Sphere.006
========= An error was encountered =========
  File "C:\Users\Rok\AppData\Roaming\Blender Foundation\Blender\2.78\scripts\addons\io_export_babylon.py", line 330, in execute
    mesh = Mesh(object, scene, nextStartFace, forcedParent, nameID, self)
  File "C:\Users\Rok\AppData\Roaming\Blender Foundation\Blender\2.78\scripts\addons\io_export_babylon.py", line 780, in __init__
    recipe = BakingRecipe(object)
  File "C:\Users\Rok\AppData\Roaming\Blender Foundation\Blender\2.78\scripts\addons\io_export_babylon.py", line 1863, in __init__
    self.billboardMode = BILLBOARDMODE_ALL if len(mesh.material_slots) == 1 and mesh.material_slots[0].material.game_settings.face_orientation == 'BILLBOARD' else BILLBOARDMODE_NONE
ERROR:  'NoneType' object has no attribute 'game_settings'
========= end of processing =========
elapsed time:  0 min, 0.1177 secs
