	Exporter version: 4.6.1, Blender version: 2.78 (sub 0)
========= Conversion from Blender to Babylon.js =========
	Scene settings used:
		selected layers only:  false
		flat shading entire scene:  false
		inline textures:  false
		texture directory:  C:\Users\Rok\Desktop\Faks\3. letnik\1. Semester\RGTI\rgtiSem1\assets\buildings\
	Python World class constructor completed
	processing begun of mesh:  Plane
		processing begun of Standard material:  street
			Diffuse texture found "Texture"
				Image texture found, type:  diffuseTexture, mapped using: "UVMap"
		num positions      :  4
		num normals        :  4
		num uvs            :  8
		num uvs2           :  0
		num colors         :  0
		num indices        :  6
	processing begun of camera (FreeCamera):  Camera
	processing begun of mesh:  Cube
		processing begun of Standard material:  Wall.006
			Diffuse texture found "wall"
				Image texture found, type:  diffuseTexture, mapped using: "UVMap"
		processing begun of Standard material:  Top.008
			Diffuse texture found "Top.008"
				Image texture found, type:  diffuseTexture, mapped using: "UVMap"
		processing begun of Standard material:  Bot
			Diffuse texture found "Wall.006"
				Image texture found, type:  diffuseTexture, mapped using: "UVMap"
		processing begun of multimaterial:  all_blend.Multimaterial#0
		num positions      :  70
		num normals        :  70
		num uvs            :  140
		num uvs2           :  0
		num colors         :  0
		num indices        :  126
	processing begun of mesh:  Cube.001
		processing begun of Standard material:  Wall.007
			Diffuse texture found "Wall.007"
				Image texture found, type:  diffuseTexture, mapped using: "UVMap"
		processing begun of Standard material:  Top.009
			Diffuse texture found "Top.009"
				Image texture found, type:  diffuseTexture, mapped using: "UVMap"
		processing begun of Standard material:  Shop
			Diffuse texture found "Shop"
				Image texture found, type:  diffuseTexture, mapped using: "UVMap"
		processing begun of multimaterial:  all_blend.Multimaterial#1
		num positions      :  70
		num normals        :  70
		num uvs            :  140
		num uvs2           :  0
		num colors         :  0
		num indices        :  126
	processing begun of mesh:  Cube.002
		processing begun of Standard material:  Wall.008
			Diffuse texture found "Wall.008"
				Image texture found, type:  diffuseTexture, mapped using: "UVMap"
		processing begun of Standard material:  Top.010
			Diffuse texture found "Top.010"
				Image texture found, type:  diffuseTexture, mapped using: "UVMap"
		processing begun of Standard material:  Shop.001
			Diffuse texture found "Shop.001"
				Image texture found, type:  diffuseTexture, mapped using: "UVMap"
		processing begun of multimaterial:  all_blend.Multimaterial#2
		num positions      :  69
		num normals        :  69
		num uvs            :  138
		num uvs2           :  0
		num colors         :  0
		num indices        :  126
	processing begun of mesh:  Cube.003
		processing begun of Standard material:  Wall.009
			Diffuse texture found "Wall.009"
				Image texture found, type:  diffuseTexture, mapped using: "UVMap"
		processing begun of Standard material:  Top.011
			Diffuse texture found "Top.011"
				Image texture found, type:  diffuseTexture, mapped using: "UVMap"
		processing begun of Standard material:  Shop.002
			Diffuse texture found "Shop.002"
				Image texture found, type:  diffuseTexture, mapped using: "UVMap"
		processing begun of multimaterial:  all_blend.Multimaterial#3
		num positions      :  73
		num normals        :  73
		num uvs            :  146
		num uvs2           :  0
		num colors         :  0
		num indices        :  150
		WARNING: # of 0 area faces found:  8
	processing begun of mesh:  Cube.004
		processing begun of Standard material:  Wall.010
			Diffuse texture found "wall.001"
				Image texture found, type:  diffuseTexture, mapped using: "UVMap"
		processing begun of Standard material:  Top.012
			Diffuse texture found "Top.012"
				Image texture found, type:  diffuseTexture, mapped using: "UVMap"
		processing begun of Standard material:  Bot.001
			Diffuse texture found "Wall.010"
				Image texture found, type:  diffuseTexture, mapped using: "UVMap"
		processing begun of multimaterial:  all_blend.Multimaterial#4
		num positions      :  70
		num normals        :  70
		num uvs            :  140
		num uvs2           :  0
		num colors         :  0
		num indices        :  126
	processing begun of mesh:  Cube.005
		processing begun of Standard material:  Wall.011
			Diffuse texture found "Wall.011"
				Image texture found, type:  diffuseTexture, mapped using: "UVMap"
		processing begun of Standard material:  Top.013
			Diffuse texture found "Top.013"
				Image texture found, type:  diffuseTexture, mapped using: "UVMap"
		processing begun of Standard material:  Shop.003
			Diffuse texture found "Shop.003"
				Image texture found, type:  diffuseTexture, mapped using: "UVMap"
		processing begun of multimaterial:  all_blend.Multimaterial#5
		num positions      :  70
		num normals        :  70
		num uvs            :  140
		num uvs2           :  0
		num colors         :  0
		num indices        :  126
	processing begun of mesh:  Cube.006
		processing begun of Standard material:  Wall.012
			Diffuse texture found "Wall.012"
				Image texture found, type:  diffuseTexture, mapped using: "UVMap"
		processing begun of Standard material:  Top.014
			Diffuse texture found "Top.014"
				Image texture found, type:  diffuseTexture, mapped using: "UVMap"
		processing begun of Standard material:  Shop.004
			Diffuse texture found "Shop.004"
				Image texture found, type:  diffuseTexture, mapped using: "UVMap"
		processing begun of multimaterial:  all_blend.Multimaterial#6
		num positions      :  69
		num normals        :  69
		num uvs            :  138
		num uvs2           :  0
		num colors         :  0
		num indices        :  126
	processing begun of mesh:  Cube.007
		processing begun of Standard material:  Wall.013
			Diffuse texture found "Wall.013"
				Image texture found, type:  diffuseTexture, mapped using: "UVMap"
		processing begun of Standard material:  Top.015
			Diffuse texture found "Top.015"
				Image texture found, type:  diffuseTexture, mapped using: "UVMap"
		processing begun of Standard material:  Shop.005
			Diffuse texture found "Shop.005"
				Image texture found, type:  diffuseTexture, mapped using: "UVMap"
		processing begun of multimaterial:  all_blend.Multimaterial#7
		num positions      :  73
		num normals        :  73
		num uvs            :  146
		num uvs2           :  0
		num colors         :  0
		num indices        :  150
		WARNING: # of 0 area faces found:  8
	processing begun of light (POINT):  Point.002
	processing begun of light (POINT):  Point.001
	processing begun of light (POINT):  Point
========= Writing of scene file started =========
========= Writing of scene file completed =========
========= end of processing =========
elapsed time:  0 min, 0.2242 secs
