	Exporter version: 4.6.1, Blender version: 2.78 (sub 0)
========= Conversion from Blender to Babylon.js =========
	Scene settings used:
		selected layers only:  false
		flat shading entire scene:  false
		inline textures:  false
		texture directory:  C:\Users\Rok\Desktop\Faks\3. letnik\1. Semester\RGTI\rgtiSem1\assets\buildings\
	Python World class constructor completed
	processing begun of mesh:  Cube
		processing begun of Standard material:  Material
		num positions      :  0
		num normals        :  0
		num uvs            :  0
		num uvs2           :  0
		num colors         :  0
		num indices        :  0
	processing begun of camera (FreeCamera):  Camera
	processing begun of mesh:  Cube.001
		processing begun of Standard material:  Wall1
			Diffuse texture found "Wall1"
				Image texture found, type:  diffuseTexture, mapped using: "UVMap"
		processing begun of Standard material:  Wall2
			Diffuse texture found "Wall2"
				Image texture found, type:  diffuseTexture, mapped using: "UVMap"
		processing begun of Standard material:  Top
			Diffuse texture found "Top"
				Image texture found, type:  diffuseTexture, mapped using: "UVMap"
		processing begun of Standard material:  Bottom
			Diffuse texture found "Bottom"
				Image texture found, type:  diffuseTexture, mapped using: "UVMap"
		processing begun of multimaterial:  all.Multimaterial#0
		num positions      :  73
		num normals        :  73
		num uvs            :  146
		num uvs2           :  0
		num colors         :  0
		num indices        :  126
	processing begun of mesh:  Cube.002
		processing begun of Standard material:  Wall
			Diffuse texture found "Wall"
				Image texture found, type:  diffuseTexture, mapped using: "UVMap"
		processing begun of Standard material:  Top.001
			Diffuse texture found "Top.001"
				Image texture found, type:  diffuseTexture, mapped using: "UVMap"
		processing begun of Standard material:  Bottom.001
			Diffuse texture found "Bottom.001"
				Image texture found, type:  diffuseTexture, mapped using: "UVMap"
		processing begun of multimaterial:  all.Multimaterial#1
		num positions      :  85
		num normals        :  85
		num uvs            :  170
		num uvs2           :  0
		num colors         :  0
		num indices        :  150
		WARNING: # of 0 area faces found:  8
	processing begun of mesh:  Cube.003
		processing begun of Standard material:  Wall.001
			Diffuse texture found "Wall.001"
				Image texture found, type:  diffuseTexture, mapped using: "UVMap"
	WARNING: Error encountered processing image file:  , Error:  'C:\\Users\\Rok\\Desktop\\Faks\\3. letnik\\1. Semester\\RGTI\\rgtiSem1\\assets\\buildings\\blend\\..\\building4.jpg' and 'C:\\Users\\Rok\\Desktop\\Faks\\3. letnik\\1. Semester\\RGTI\\rgtiSem1\\assets\\buildings\\building4.jpg' are the same file
		processing begun of Standard material:  Top.002
			Diffuse texture found "Top.002"
				Image texture found, type:  diffuseTexture, mapped using: "UVMap"
	WARNING: Error encountered processing image file:  , Error:  'C:\\Users\\Rok\\Desktop\\Faks\\3. letnik\\1. Semester\\RGTI\\rgtiSem1\\assets\\buildings\\blend\\..\\concrete.jpg' and 'C:\\Users\\Rok\\Desktop\\Faks\\3. letnik\\1. Semester\\RGTI\\rgtiSem1\\assets\\buildings\\concrete.jpg' are the same file
		processing begun of Standard material:  Bottom.002
			Diffuse texture found "Bottom.002"
				Image texture found, type:  diffuseTexture, mapped using: "UVMap"
	WARNING: Error encountered processing image file:  , Error:  'C:\\Users\\Rok\\Desktop\\Faks\\3. letnik\\1. Semester\\RGTI\\rgtiSem1\\assets\\buildings\\blend\\..\\shop4.jpg' and 'C:\\Users\\Rok\\Desktop\\Faks\\3. letnik\\1. Semester\\RGTI\\rgtiSem1\\assets\\buildings\\shop4.jpg' are the same file
		processing begun of multimaterial:  all.Multimaterial#2
		num positions      :  74
		num normals        :  74
		num uvs            :  148
		num uvs2           :  0
		num colors         :  0
		num indices        :  126
	processing begun of mesh:  Cube.004
		processing begun of Standard material:  Wall.002
			Diffuse texture found "Wall.002"
				Image texture found, type:  diffuseTexture, mapped using: "UVMap"
		processing begun of Standard material:  Top.003
			Diffuse texture found "Top.003"
				Image texture found, type:  diffuseTexture, mapped using: "UVMap"
		processing begun of Standard material:  Bottom.003
			Diffuse texture found "Bottom.003"
				Image texture found, type:  diffuseTexture, mapped using: "UVMap"
		processing begun of multimaterial:  all.Multimaterial#3
		num positions      :  101
		num normals        :  101
		num uvs            :  202
		num uvs2           :  0
		num colors         :  0
		num indices        :  174
		WARNING: # of 0 area faces found:  16
	processing begun of mesh:  Cube.005
		processing begun of Standard material:  Wall.003
			Diffuse texture found "Wall.003"
				Image texture found, type:  diffuseTexture, mapped using: "UVMap"
		processing begun of Standard material:  Top.004
			Diffuse texture found "Top.004"
				Image texture found, type:  diffuseTexture, mapped using: "UVMap"
		processing begun of Standard material:  Bottom.004
			Diffuse texture found "Bottom.004"
				Image texture found, type:  diffuseTexture, mapped using: "UVMap"
		processing begun of multimaterial:  all.Multimaterial#4
		num positions      :  85
		num normals        :  85
		num uvs            :  170
		num uvs2           :  0
		num colors         :  0
		num indices        :  150
		WARNING: # of 0 area faces found:  8
	processing begun of mesh:  Cube.006
		processing begun of Standard material:  Wall1.001
			Diffuse texture found "Wall1.001"
				Image texture found, type:  diffuseTexture, mapped using: "UVMap"
		processing begun of Standard material:  Wall2.001
			Diffuse texture found "Wall2.001"
				Image texture found, type:  diffuseTexture, mapped using: "UVMap"
		processing begun of Standard material:  Top.005
			Diffuse texture found "Top.005"
				Image texture found, type:  diffuseTexture, mapped using: "UVMap"
		processing begun of Standard material:  Bottom.005
			Diffuse texture found "Bottom.005"
				Image texture found, type:  diffuseTexture, mapped using: "UVMap"
		processing begun of multimaterial:  all.Multimaterial#5
		num positions      :  73
		num normals        :  73
		num uvs            :  146
		num uvs2           :  0
		num colors         :  0
		num indices        :  126
	processing begun of mesh:  Cube.007
		processing begun of Standard material:  Wall.004
			Diffuse texture found "Wall.004"
				Image texture found, type:  diffuseTexture, mapped using: "UVMap"
	WARNING: Error encountered processing image file:  , Error:  'C:\\Users\\Rok\\Desktop\\Faks\\3. letnik\\1. Semester\\RGTI\\rgtiSem1\\assets\\buildings\\blend\\..\\building4.jpg' and 'C:\\Users\\Rok\\Desktop\\Faks\\3. letnik\\1. Semester\\RGTI\\rgtiSem1\\assets\\buildings\\building4.jpg' are the same file
		processing begun of Standard material:  Top.006
			Diffuse texture found "Top.006"
				Image texture found, type:  diffuseTexture, mapped using: "UVMap"
	WARNING: Error encountered processing image file:  , Error:  'C:\\Users\\Rok\\Desktop\\Faks\\3. letnik\\1. Semester\\RGTI\\rgtiSem1\\assets\\buildings\\blend\\..\\concrete.jpg' and 'C:\\Users\\Rok\\Desktop\\Faks\\3. letnik\\1. Semester\\RGTI\\rgtiSem1\\assets\\buildings\\concrete.jpg' are the same file
		processing begun of Standard material:  Bottom.006
			Diffuse texture found "Bottom.006"
				Image texture found, type:  diffuseTexture, mapped using: "UVMap"
	WARNING: Error encountered processing image file:  , Error:  'C:\\Users\\Rok\\Desktop\\Faks\\3. letnik\\1. Semester\\RGTI\\rgtiSem1\\assets\\buildings\\blend\\..\\shop4.jpg' and 'C:\\Users\\Rok\\Desktop\\Faks\\3. letnik\\1. Semester\\RGTI\\rgtiSem1\\assets\\buildings\\shop4.jpg' are the same file
		processing begun of multimaterial:  all.Multimaterial#6
		num positions      :  74
		num normals        :  74
		num uvs            :  148
		num uvs2           :  0
		num colors         :  0
		num indices        :  126
	processing begun of mesh:  Cube.008
		processing begun of Standard material:  Wall.005
			Diffuse texture found "Wall.005"
				Image texture found, type:  diffuseTexture, mapped using: "UVMap"
		processing begun of Standard material:  Top.007
			Diffuse texture found "Top.007"
				Image texture found, type:  diffuseTexture, mapped using: "UVMap"
		processing begun of Standard material:  Bottom.007
			Diffuse texture found "Bottom.007"
				Image texture found, type:  diffuseTexture, mapped using: "UVMap"
		processing begun of multimaterial:  all.Multimaterial#7
		num positions      :  101
		num normals        :  101
		num uvs            :  202
		num uvs2           :  0
		num colors         :  0
		num indices        :  174
		WARNING: # of 0 area faces found:  16
	processing begun of light (POINT):  Lamp
========= Writing of scene file started =========
========= Writing of scene file completed =========
========= end of processing =========
elapsed time:  0 min, 0.1074 secs
