	Exporter version: 4.6.1, Blender version: 2.78 (sub 0)
========= Conversion from Blender to Babylon.js =========
	Scene settings used:
		selected layers only:  false
		flat shading entire scene:  false
		inline textures:  false
		texture directory:  C:\Users\Rok\Desktop\Faks\3. letnik\1. Semester\RGTI\rgtiSem1\assets\buildings\
	Python World class constructor completed
	processing begun of mesh:  Cube
		processing begun of Standard material:  Material
		num positions      :  0
		num normals        :  0
		num uvs            :  0
		num uvs2           :  0
		num colors         :  0
		num indices        :  0
	WARNING: The following camera not visible in scene thus ignored: Camera
	processing begun of mesh:  Cube.001
		processing begun of Standard material:  Wall
			Diffuse texture found "Wall"
				Image texture found, type:  diffuseTexture, mapped using: "UVMap"
		processing begun of Standard material:  Top
			Diffuse texture found "Top"
				Image texture found, type:  diffuseTexture, mapped using: "UVMap"
		processing begun of Standard material:  Shop
			Diffuse texture found "Shop"
				Image texture found, type:  diffuseTexture, mapped using: "UVMap"
		processing begun of multimaterial:  all2.Multimaterial#0
		num positions      :  73
		num normals        :  73
		num uvs            :  146
		num uvs2           :  0
		num colors         :  0
		num indices        :  150
		WARNING: # of 0 area faces found:  8
	processing begun of mesh:  Cube.002
		processing begun of Standard material:  Wall.001
			Diffuse texture found "Wall.001"
				Image texture found, type:  diffuseTexture, mapped using: "UVMap"
		processing begun of Standard material:  Top.001
			Diffuse texture found "Top.001"
				Image texture found, type:  diffuseTexture, mapped using: "UVMap"
		processing begun of Standard material:  Shop.001
			Diffuse texture found "Shop.001"
				Image texture found, type:  diffuseTexture, mapped using: "UVMap"
		processing begun of multimaterial:  all2.Multimaterial#1
		num positions      :  69
		num normals        :  69
		num uvs            :  138
		num uvs2           :  0
		num colors         :  0
		num indices        :  126
	processing begun of mesh:  Cube.003
		processing begun of Standard material:  Wall.002
			Diffuse texture found "wall"
				Image texture found, type:  diffuseTexture, mapped using: "UVMap"
		processing begun of Standard material:  Top.002
			Diffuse texture found "Top.002"
				Image texture found, type:  diffuseTexture, mapped using: "UVMap"
		processing begun of Standard material:  Bot
			Diffuse texture found "Wall.002"
				Image texture found, type:  diffuseTexture, mapped using: "UVMap"
		processing begun of multimaterial:  all2.Multimaterial#2
		num positions      :  70
		num normals        :  70
		num uvs            :  140
		num uvs2           :  0
		num colors         :  0
		num indices        :  126
	processing begun of mesh:  Cube.004
		processing begun of Standard material:  Wall.003
			Diffuse texture found "Wall.003"
				Image texture found, type:  diffuseTexture, mapped using: "UVMap"
		processing begun of Standard material:  Top.003
			Diffuse texture found "Top.003"
				Image texture found, type:  diffuseTexture, mapped using: "UVMap"
		processing begun of Standard material:  Shop.002
			Diffuse texture found "Shop.002"
				Image texture found, type:  diffuseTexture, mapped using: "UVMap"
		processing begun of multimaterial:  all2.Multimaterial#3
		num positions      :  69
		num normals        :  69
		num uvs            :  138
		num uvs2           :  0
		num colors         :  0
		num indices        :  126
	processing begun of mesh:  Cube.005
		processing begun of Standard material:  Wall.004
			Diffuse texture found "Wall.004"
				Image texture found, type:  diffuseTexture, mapped using: "UVMap"
		processing begun of Standard material:  Top.004
			Diffuse texture found "Top.004"
				Image texture found, type:  diffuseTexture, mapped using: "UVMap"
		processing begun of Standard material:  Shop.003
			Diffuse texture found "Shop.003"
				Image texture found, type:  diffuseTexture, mapped using: "UVMap"
		processing begun of multimaterial:  all2.Multimaterial#4
		num positions      :  73
		num normals        :  73
		num uvs            :  146
		num uvs2           :  0
		num colors         :  0
		num indices        :  150
		WARNING: # of 0 area faces found:  8
	processing begun of mesh:  Cube.006
		processing begun of Standard material:  Wall.005
			Diffuse texture found "Wall.005"
				Image texture found, type:  diffuseTexture, mapped using: "UVMap"
		processing begun of Standard material:  Top.005
			Diffuse texture found "Top.005"
				Image texture found, type:  diffuseTexture, mapped using: "UVMap"
		processing begun of Standard material:  Shop.004
			Diffuse texture found "Shop.004"
				Image texture found, type:  diffuseTexture, mapped using: "UVMap"
		processing begun of multimaterial:  all2.Multimaterial#5
		num positions      :  70
		num normals        :  70
		num uvs            :  140
		num uvs2           :  0
		num colors         :  0
		num indices        :  126
	processing begun of mesh:  Cube.007
		processing begun of Standard material:  Wall.006
			Diffuse texture found "Wall.006"
				Image texture found, type:  diffuseTexture, mapped using: "UVMap"
		processing begun of Standard material:  Top.006
			Diffuse texture found "Top.006"
				Image texture found, type:  diffuseTexture, mapped using: "UVMap"
		processing begun of Standard material:  Shop.005
			Diffuse texture found "Shop.005"
				Image texture found, type:  diffuseTexture, mapped using: "UVMap"
		processing begun of multimaterial:  all2.Multimaterial#6
		num positions      :  70
		num normals        :  70
		num uvs            :  140
		num uvs2           :  0
		num colors         :  0
		num indices        :  126
	processing begun of mesh:  Cube.008
		processing begun of Standard material:  Wall.007
			Diffuse texture found "wall.001"
				Image texture found, type:  diffuseTexture, mapped using: "UVMap"
		processing begun of Standard material:  Top.007
			Diffuse texture found "Top.007"
				Image texture found, type:  diffuseTexture, mapped using: "UVMap"
		processing begun of Standard material:  Bot.001
			Diffuse texture found "Wall.007"
				Image texture found, type:  diffuseTexture, mapped using: "UVMap"
		processing begun of multimaterial:  all2.Multimaterial#7
		num positions      :  70
		num normals        :  70
		num uvs            :  140
		num uvs2           :  0
		num colors         :  0
		num indices        :  126
	processing begun of mesh:  Plane
		processing begun of Standard material:  street.001
			Diffuse texture found "Texture"
				Image texture found, type:  diffuseTexture, mapped using: "UVMap"
		num positions      :  4
		num normals        :  4
		num uvs            :  8
		num uvs2           :  0
		num colors         :  0
		num indices        :  6
	WARNING: The following lamp not visible in scene thus ignored: Lamp
========= Writing of scene file started =========
========= Writing of scene file completed =========
========= end of processing =========
elapsed time:  0 min, 0.2807 secs
